
ROM used: 795 (10%)
          795 (10%) including unused fragments

          2 Average locations per line
          6 Average locations per statement

RAM used: 7 (2%) at main() level
          8 (2%) worst case

Stack used: 1 worst case (out of 8 total available)

Lines Stmts  %   Files
----- ----- ---  -----
  191   136 100  Ejemplo04.c
  330     0   0  ..\..\..\..\Program Files (x86)\PICC\devices\16f877a.h
----- -----
  521   136 Total

Page ROM  %  RAM   Vol Diff  Functions:
---- --- --- ---   --- ----  ----------
0     13   2   1             @delay_ms1
0    778  98   1  4406  2.5  main

Program metrics:
    Functions               1
    Statements              136
    Comments                216
    Volume (V)              4409
    Difficilty (D)          2.5
    Effort to implement (E) 10900
    Time to implement (T)   10 minutes
    Est Delivered Bugs (B)  0
    Cyclomatic Complexity   1
    Maintainability (MI)    12

 Segment     Used  Free
-----------  ----  ----
00000-00003     4  0  
00004-007FF   791  1253  
00800-00FFF     0  2048  
01000-017FF     0  2048  
01800-01FFF     0  2048  



